<?xml version="1.0" encoding="UTF-8"?>
<testsuite xmlns:xsi="http://www.w3.org/2001/XMLSchema-instance" xsi:schemaLocation="https://maven.apache.org/surefire/maven-surefire-plugin/xsd/surefire-test-report.xsd" name="com.bs.proteo.microservices.mx.microarqtest.MicroArqTestControllerTest" time="1.949" tests="1" errors="0" skipped="0" failures="0">
  <properties>
[...]
</properties>
  <testcase name="operation1Mock on operation1Mock(com.bs.proteo.microservices.mx.microarqtest.MicroArqTestControllerTest)" classname="com.bs.proteo.microservices.mx.microarqtest.MicroArqTestControllerTest" time="1.116"/>
</testsuite>