<?xml version="1.0" encoding="UTF-8"?>
<testng-results skipped="0" failed="0" total="1" passed="1">
  <reporter-output>
  </reporter-output>
  <suite name="Surefire suite" duration-ms="1252" started-at="2018-07-25T21:03:51Z" finished-at="2018-07-25T21:03:52Z">
    <groups>
    </groups>
    <test name="Surefire test" duration-ms="1252" started-at="2018-07-25T21:03:51Z" finished-at="2018-07-25T21:03:52Z">
      <class name="com.bs.proteo.microservices.mx.microarqtest.MicroArqTestControllerTest">
        <test-method status="PASS" signature="operation1Mock()[pri:0, instance:operation1Mock(com.bs.proteo.microservices.mx.microarqtest.MicroArqTestControllerTest)]" name="operation1Mock" duration-ms="1121" started-at="2018-07-25T16:03:51Z" finished-at="2018-07-25T16:03:52Z">
          <reporter-output>
          </reporter-output>
        </test-method> <!-- operation1Mock -->
      </class> <!-- com.bs.proteo.microservices.mx.microarqtest.MicroArqTestControllerTest -->
    </test> <!-- Surefire test -->
  </suite> <!-- Surefire suite -->
</testng-results>
