<?xml version="1.0" encoding="UTF-8" standalone="yes"?><!DOCTYPE report PUBLIC "-//JACOCO//DTD Report 1.0//EN" "report.dtd"><report name="Microservice microarqtest service"><sessioninfo id="" start="1532552630438" dump="1532552631537"/><sessioninfo id="com.bs.proteo.microservices.mx.microarqtest.MicroArqTestControllerTest operation1Mock" start="1532552631538" dump="1532552632651"/><sessioninfo id="com.bs.proteo.microservices.mx.microarqtest.MicroArqTestControllerTest operation1Mock" start="1532552632654" dump="1532552632792"/></report>